<?xml version="1.0" encoding="UTF-8"?>
<testng-results ignored="0" total="1" passed="1" failed="0" skipped="0">
  <reporter-output>
  </reporter-output>
  <suite started-at="2025-07-23T09:18:41 IST" name="Default suite" finished-at="2025-07-23T09:18:56 IST" duration-ms="15138">
    <groups>
    </groups>
    <test started-at="2025-07-23T09:18:41 IST" name="Default test" finished-at="2025-07-23T09:18:56 IST" duration-ms="15138">
      <class name="com.excelr.selenium.demo.ShooperStack">
        <test-method signature="Login(java.lang.String,java.lang.String)[pri:0, instance:com.excelr.selenium.demo.ShooperStack@11392934]" started-at="2025-07-23T09:18:41 IST" name="Login" data-provider="dataset" finished-at="2025-07-23T09:18:56 IST" duration-ms="15057" status="PASS">
          <params>
            <param index="0">
              <value>
                <![CDATA[data15@gmail.com]]>
              </value>
            </param>
            <param index="1">
              <value>
                <![CDATA[Test@123]]>
              </value>
            </param>
          </params>
          <reporter-output>
          </reporter-output>
        </test-method> <!-- Login -->
      </class> <!-- com.excelr.selenium.demo.ShooperStack -->
    </test> <!-- Default test -->
  </suite> <!-- Default suite -->
</testng-results>
